[2026-06-29T09:28:10.565Z] === เริ่มอัปเดตข้อมูลปุ๋ย ===
[2026-06-29T09:28:11.674Z]   • พบ URL ล่าสุด: https://thedocs.worldbank.org/en/doc/74e8be41ceb20fa0da750cda2f6b9e4e-0050012026/related/CMO-Historical-Data-Monthly.xlsx
[2026-06-29T09:28:11.674Z]   • ดาวน์โหลด Pink Sheet ล่าสุด ...
[2026-06-29T09:28:11.674Z]   • อ่านไฟล์ xlsx ...
[2026-06-29T09:28:11.675Z]   • ข้อมูลยังเป็นเดือนเดิม (พ.ค. 69) — ไม่เขียนทับ
[2026-06-29T09:28:11.675Z]     NO_UPDATE
[2026-06-29T09:28:11.675Z] ✓ build-data.js สำเร็จ
[2026-06-29T09:28:11.675Z] • ข้าม Comtrade (ไม่พบ COMTRADE_KEY)
[2026-06-29T09:28:11.675Z] === จบการอัปเดต ===

[2026-06-29T09:45:04.753Z] === เริ่มอัปเดตข้อมูลปุ๋ย ===
[2026-06-29T09:45:06.032Z]   • พบ URL ล่าสุด: https://thedocs.worldbank.org/en/doc/74e8be41ceb20fa0da750cda2f6b9e4e-0050012026/related/CMO-Historical-Data-Monthly.xlsx
[2026-06-29T09:45:06.032Z]   • ดาวน์โหลด Pink Sheet ล่าสุด ...
[2026-06-29T09:45:06.032Z]   • อ่านไฟล์ xlsx ...
[2026-06-29T09:45:06.032Z]   • ข้อมูลยังเป็นเดือนเดิม (พ.ค. 69) — ไม่เขียนทับ
[2026-06-29T09:45:06.032Z]     NO_UPDATE
[2026-06-29T09:45:06.032Z] ✓ build-data.js สำเร็จ
[2026-06-29T09:47:41.884Z]   • ใช้ UN Comtrade API (key: ***89ba)
[2026-06-29T09:47:41.884Z]   • ค้นหาเดือนล่าสุดที่มีข้อมูล ย้อนหลังจาก 2026-06 (24 เดือน)
[2026-06-29T09:47:41.884Z]     ไทย              urea            403.09 USD/t (193kt, ก.พ. 68)  ✓
[2026-06-29T09:47:41.884Z]     รัสเซีย          urea            —  ✗ ไม่มีข้อมูล
[2026-06-29T09:47:41.884Z]     ซาอุดีอาระเบีย   urea            437.5 USD/t (348kt, ก.ค. 68)  ✓
[2026-06-29T09:47:41.884Z]     บรูไน            urea            —  ✗ ไม่มีข้อมูล
[2026-06-29T09:47:41.884Z]     อินโดนีเซีย      urea            488.46 USD/t (61kt, เม.ย. 69)  ✓
[2026-06-29T09:47:41.884Z]     จีน              urea            355.13 USD/t (26kt, ส.ค. 67)  ✓
[2026-06-29T09:47:41.884Z]     ไทย              dap             —  ⚠ ปริมาณน้อย (ตัดทิ้ง)
[2026-06-29T09:47:41.884Z]     รัสเซีย          dap             —  ✗ ไม่มีข้อมูล
[2026-06-29T09:47:41.884Z]     ซาอุดีอาระเบีย   dap             865.18 USD/t (364kt, ก.ค. 68)  ✓
[2026-06-29T09:47:41.884Z]     บรูไน            dap             —  ✗ ไม่มีข้อมูล
[2026-06-29T09:47:41.884Z]     อินโดนีเซีย      dap             —  ✗ ไม่มีข้อมูล
[2026-06-29T09:47:41.884Z]     จีน              dap             606.49 USD/t (213kt, ธ.ค. 67)  ✓
[2026-06-29T09:47:41.884Z]     ไทย              mop             376.17 USD/t (60kt, ก.พ. 68)  ✓
[2026-06-29T09:47:41.885Z]     รัสเซีย          mop             —  ✗ ไม่มีข้อมูล
[2026-06-29T09:47:41.885Z]     ซาอุดีอาระเบีย   mop             —  ⚠ ปริมาณน้อย (ตัดทิ้ง)
[2026-06-29T09:47:41.885Z]     บรูไน            mop             —  ✗ ไม่มีข้อมูล
[2026-06-29T09:47:41.885Z]     อินโดนีเซีย      mop             —  ⚠ ปริมาณน้อย (ตัดทิ้ง)
[2026-06-29T09:47:41.885Z]     จีน              mop             363.25 USD/t (12kt, ก.ย. 67)  ✓
[2026-06-29T09:47:41.885Z]     ไทย              phosphate_rock  —  ⚠ ปริมาณน้อย (ตัดทิ้ง)
[2026-06-29T09:47:41.885Z]     รัสเซีย          phosphate_rock  —  ✗ ไม่มีข้อมูล
[2026-06-29T09:47:41.885Z]     ซาอุดีอาระเบีย   phosphate_rock  —  ⚠ ปริมาณน้อย (ตัดทิ้ง)
[2026-06-29T09:47:41.885Z]     บรูไน            phosphate_rock  —  ✗ ไม่มีข้อมูล
[2026-06-29T09:47:41.885Z]     อินโดนีเซีย      phosphate_rock  —  ✗ ไม่มีข้อมูล
[2026-06-29T09:47:41.885Z]     จีน              phosphate_rock  228.17 USD/t (13kt, ธ.ค. 67)  ✓
[2026-06-29T09:47:41.885Z]   • เขียน data-comtrade.js สำเร็จ
[2026-06-29T09:47:41.885Z] ✓ build-comtrade.js สำเร็จ
[2026-06-29T09:47:41.885Z] === จบการอัปเดต ===

